<?xml version="1.0" encoding="UTF-8"?>
<!-- Generated by org.testng.reporters.JUnitReportReporter -->
<testsuite hostname="DEL1-LT20DF5H2" name="coreJava.Junttest" tests="3" failures="0" timestamp="8 Aug 2018 08:10:26 GMT" time="0.018" errors="0">
  <testcase name="secondJunitTest" time="0.001" classname="coreJava.Junttest"/>
  <testcase name="thirdJunitTest" time="0.002" classname="coreJava.Junttest"/>
  <testcase name="firstJunitTest" time="0.015" classname="coreJava.Junttest"/>
</testsuite> <!-- coreJava.Junttest -->
