<?xml version="1.0" encoding="UTF-8"?>
<!-- Generated by org.testng.reporters.JUnitReportReporter -->
<testsuite hostname="DESKTOP-RDDCS64" failures="0" tests="2" name="Algo.testSeleniumTestNG" time="1.225" errors="0" timestamp="2 Feb 2024 15:44:34 GMT">
  <testcase classname="Algo.testSeleniumTestNG" name="validUsername" time="0.660"/>
  <testcase classname="Algo.testSeleniumTestNG" name="invalidUsername" time="0.565"/>
</testsuite> <!-- Algo.testSeleniumTestNG -->
