<?xml version="1.0" encoding="UTF-8"?>
<!-- Generated by org.testng.reporters.JUnitReportReporter -->
<testsuite hostname="DESKTOP-RDDCS64" failures="0" tests="1" name="Algo.testTravelAgencyNG" time="5.583" errors="0" timestamp="2 Feb 2024 16:09:22 GMT">
  <testcase classname="Algo.testTravelAgencyNG" name="firstTest" time="5.583"/>
</testsuite> <!-- Algo.testTravelAgencyNG -->
