<?xml version="1.0" encoding="UTF-8"?>
<!-- Generated by org.testng.reporters.JUnitReportReporter -->
<testsuite hostname="DEL1-LT20DF5H2" name="samples.TestREST" tests="2" failures="0" timestamp="15 Jul 2018 08:40:31 GMT" time="1.780" errors="0">
  <testcase name="getContact" time="0.301" classname="samples.TestREST"/>
  <testcase name="Login" time="1.479" classname="samples.TestREST"/>
</testsuite> <!-- samples.TestREST -->
