<?xml version="1.0" encoding="UTF-8"?>
<!-- Generated by org.testng.reporters.JUnitReportReporter -->
<testsuite hostname="DEL1-LT20DF5H2" name="runner.TestRunner" tests="1" failures="0" timestamp="20 Jun 2018 06:52:18 GMT" time="8.718" errors="0">
  <testcase name="feature" time="8.718" classname="runner.TestRunner"/>
</testsuite> <!-- runner.TestRunner -->
