<?xml version="1.0" encoding="UTF-8"?>
<!-- Generated by org.testng.reporters.JUnitReportReporter -->
<testsuite hostname="L-15078" failures="0" tests="2" name="coreJava.DataProviderClass" time="0.044" errors="0" timestamp="7 Nov 2020 14:19:06 GMT">
  <testcase classname="coreJava.DataProviderClass" name="loginTest" time="0.022"/>
  <testcase classname="coreJava.DataProviderClass" name="loginTest" time="0.022"/>
</testsuite> <!-- coreJava.DataProviderClass -->
