<?xml version="1.0" encoding="UTF-8"?>
<!-- Generated by org.testng.reporters.JUnitReportReporter -->
<testsuite hostname="DEL1-LT20DF5H2" name="runner.TestRunnerTestNG1" tests="2" failures="0" timestamp="13 Jun 2018 13:56:14 GMT" time="18.646" errors="0">
  <testcase name="feature" time="10.682" classname="runner.TestRunnerTestNG1"/>
  <testcase name="feature" time="7.964" classname="runner.TestRunnerTestNG1"/>
</testsuite> <!-- runner.TestRunnerTestNG1 -->
