<?xml version="1.0" encoding="UTF-8"?>
<!-- Generated by org.testng.reporters.JUnitReportReporter -->
<testsuite hostname="Apples-MacBook-Pro.local" name="coreJava.TestWebDriverWithTestNG" tests="1" failures="0" timestamp="18 Sep 2019 15:38:27 GMT" time="3.537" errors="0">
  <testcase name="test1" time="3.537" classname="coreJava.TestWebDriverWithTestNG"/>
</testsuite> <!-- coreJava.TestWebDriverWithTestNG -->
