<?xml version="1.0" encoding="UTF-8"?>
<!-- Generated by org.testng.reporters.JUnitReportReporter -->
<testsuite hostname="Apples-MacBook-Pro.local" name="coreJava.testNGTest" tests="3" failures="0" timestamp="18 Sep 2019 06:54:47 GMT" time="0.022" errors="0">
  <testcase name="secondJunitTest" time="0.006" classname="coreJava.testNGTest"/>
  <testcase name="firstJunitTest" time="0.011" classname="coreJava.testNGTest"/>
  <testcase name="thirdJunitTest" time="0.005" classname="coreJava.testNGTest"/>
</testsuite> <!-- coreJava.testNGTest -->
